0    [SwingWorker-pool-1-thread-1] INFO  com.extia.webscraper.scraper.ViadeoScraper  - logging in...
6649 [SwingWorker-pool-1-thread-1] INFO  com.extia.webscraper.scraper.ViadeoScraper  - logged.
6654 [SwingWorker-pool-1-thread-1] INFO  com.extia.webscraper.scraper.ViadeoScraper  - searching urls for keywords 'Zardoya Otis'
6654 [SwingWorker-pool-1-thread-1] INFO  com.extia.webscraper.scraper.ViadeoScraper  - loading history..
6793 [SwingWorker-pool-1-thread-1] INFO  com.extia.webscraper.scraper.ViadeoScraper  - history loaded.
8762 [SwingWorker-pool-1-thread-1] DEBUG com.extia.webscraper.scraper.ViadeoScraper  - found 11 results.
11167 [SwingWorker-pool-1-thread-1] DEBUG com.extia.webscraper.scraper.ViadeoScraper  - 11 results out of 11 will be retrieved For keywords : 'Zardoya Otis'
11203 [SwingWorker-pool-1-thread-1] INFO  com.extia.webscraper.scraper.ViadeoScraper  - searching urls for keywords 'Playtech Ltd.'
13107 [SwingWorker-pool-1-thread-1] DEBUG com.extia.webscraper.scraper.ViadeoScraper  - found 6 results.
14928 [SwingWorker-pool-1-thread-1] DEBUG com.extia.webscraper.scraper.ViadeoScraper  - 6 results out of 6 will be retrieved For keywords : 'Playtech Ltd.'
14943 [SwingWorker-pool-1-thread-1] INFO  com.extia.webscraper.scraper.ViadeoScraper  - searching urls for keywords 'Bleckmann Heating Systems'
16350 [SwingWorker-pool-1-thread-1] DEBUG com.extia.webscraper.scraper.ViadeoScraper  - found 0 results.
17748 [SwingWorker-pool-1-thread-1] DEBUG com.extia.webscraper.scraper.ViadeoScraper  - 0 results out of 0 will be retrieved For keywords : 'Bleckmann Heating Systems'
17769 [SwingWorker-pool-1-thread-1] INFO  com.extia.webscraper.scraper.ViadeoScraper  - searching urls for keywords 'Fleury Michon'
19895 [SwingWorker-pool-1-thread-1] DEBUG com.extia.webscraper.scraper.ViadeoScraper  - found 1043 results.
19895 [SwingWorker-pool-1-thread-1] DEBUG com.extia.webscraper.scraper.ViadeoScraper  - divFacetList : 7
19906 [SwingWorker-pool-1-thread-1] DEBUG com.extia.webscraper.scraper.ViadeoScraper  - Thème retenu pour 1043 : null
24704 [SwingWorker-pool-1-thread-1] DEBUG com.extia.webscraper.scraper.ViadeoScraper  - 1000 results out of 1043 will be retrieved For keywords : 'Fleury Michon'
24725 [SwingWorker-pool-1-thread-1] INFO  com.extia.webscraper.scraper.ViadeoScraper  - searching urls for keywords 'Prisma Presse'
28765 [SwingWorker-pool-1-thread-1] DEBUG com.extia.webscraper.scraper.ViadeoScraper  - found 1221 results.
28765 [SwingWorker-pool-1-thread-1] DEBUG com.extia.webscraper.scraper.ViadeoScraper  - divFacetList : 7
28776 [SwingWorker-pool-1-thread-1] DEBUG com.extia.webscraper.scraper.ViadeoScraper  - Thème retenu pour 1221 : Région
31308 [SwingWorker-pool-1-thread-1] DEBUG com.extia.webscraper.scraper.ViadeoScraper  - found 959 results.
33625 [SwingWorker-pool-1-thread-1] DEBUG com.extia.webscraper.scraper.ViadeoScraper  - found 33 results.
36920 [SwingWorker-pool-1-thread-1] DEBUG com.extia.webscraper.scraper.ViadeoScraper  - found 26 results.
39341 [SwingWorker-pool-1-thread-1] DEBUG com.extia.webscraper.scraper.ViadeoScraper  - found 24 results.
41008 [SwingWorker-pool-1-thread-1] DEBUG com.extia.webscraper.scraper.ViadeoScraper  - found 22 results.
45074 [SwingWorker-pool-1-thread-1] DEBUG com.extia.webscraper.scraper.ViadeoScraper  - found 20 results.
48546 [SwingWorker-pool-1-thread-1] DEBUG com.extia.webscraper.scraper.ViadeoScraper  - 1084 results out of 1221 will be retrieved For keywords : 'Prisma Presse'
48567 [SwingWorker-pool-1-thread-1] INFO  com.extia.webscraper.scraper.ViadeoScraper  - searching urls for keywords 'La Caisse Nationale des Caisses d'Epargne et de Prevoyance'
50084 [SwingWorker-pool-1-thread-1] DEBUG com.extia.webscraper.scraper.ViadeoScraper  - found 1 results.
51882 [SwingWorker-pool-1-thread-1] DEBUG com.extia.webscraper.scraper.ViadeoScraper  - 1 results out of 1 will be retrieved For keywords : 'La Caisse Nationale des Caisses d'Epargne et de Prevoyance'
51898 [SwingWorker-pool-1-thread-1] INFO  com.extia.webscraper.scraper.ViadeoScraper  - searching urls for keywords 'Cantab Biopharmamceuticals'
53290 [SwingWorker-pool-1-thread-1] DEBUG com.extia.webscraper.scraper.ViadeoScraper  - found 0 results.
55086 [SwingWorker-pool-1-thread-1] DEBUG com.extia.webscraper.scraper.ViadeoScraper  - 0 results out of 0 will be retrieved For keywords : 'Cantab Biopharmamceuticals'
55107 [SwingWorker-pool-1-thread-1] INFO  com.extia.webscraper.scraper.ViadeoScraper  - searching urls for keywords 'Parexlanko'
57909 [SwingWorker-pool-1-thread-1] DEBUG com.extia.webscraper.scraper.ViadeoScraper  - found 217 results.
59700 [SwingWorker-pool-1-thread-1] DEBUG com.extia.webscraper.scraper.ViadeoScraper  - 217 results out of 217 will be retrieved For keywords : 'Parexlanko'
59721 [SwingWorker-pool-1-thread-1] INFO  com.extia.webscraper.scraper.ViadeoScraper  - searching urls for keywords 'Credit Agricole'
64836 [SwingWorker-pool-1-thread-1] DEBUG com.extia.webscraper.scraper.ViadeoScraper  - found 41248 results.
64836 [SwingWorker-pool-1-thread-1] DEBUG com.extia.webscraper.scraper.ViadeoScraper  - divFacetList : 7
64846 [SwingWorker-pool-1-thread-1] DEBUG com.extia.webscraper.scraper.ViadeoScraper  - Thème retenu pour 41248 : Région
68504 [SwingWorker-pool-1-thread-1] DEBUG com.extia.webscraper.scraper.ViadeoScraper  - found 16749 results.
68505 [SwingWorker-pool-1-thread-1] DEBUG com.extia.webscraper.scraper.ViadeoScraper  - divFacetList : 6
68514 [SwingWorker-pool-1-thread-1] DEBUG com.extia.webscraper.scraper.ViadeoScraper  - Thème retenu pour 16749 : Ville
71034 [SwingWorker-pool-1-thread-1] DEBUG com.extia.webscraper.scraper.ViadeoScraper  - found 9541 results.
71036 [SwingWorker-pool-1-thread-1] DEBUG com.extia.webscraper.scraper.ViadeoScraper  - divFacetList : 5
71038 [SwingWorker-pool-1-thread-1] DEBUG com.extia.webscraper.scraper.ViadeoScraper  - Thème retenu pour 9541 : null
72620 [SwingWorker-pool-1-thread-1] DEBUG com.extia.webscraper.scraper.ViadeoScraper  - found 245 results.
74914 [SwingWorker-pool-1-thread-1] DEBUG com.extia.webscraper.scraper.ViadeoScraper  - found 155 results.
78650 [SwingWorker-pool-1-thread-1] DEBUG com.extia.webscraper.scraper.ViadeoScraper  - found 172 results.
80969 [SwingWorker-pool-1-thread-1] DEBUG com.extia.webscraper.scraper.ViadeoScraper  - found 244 results.
83076 [SwingWorker-pool-1-thread-1] DEBUG com.extia.webscraper.scraper.ViadeoScraper  - found 104 results.
85387 [SwingWorker-pool-1-thread-1] DEBUG com.extia.webscraper.scraper.ViadeoScraper  - found 98 results.
87048 [SwingWorker-pool-1-thread-1] DEBUG com.extia.webscraper.scraper.ViadeoScraper  - found 3464 results.
87049 [SwingWorker-pool-1-thread-1] DEBUG com.extia.webscraper.scraper.ViadeoScraper  - divFacetList : 6
87051 [SwingWorker-pool-1-thread-1] DEBUG com.extia.webscraper.scraper.ViadeoScraper  - Thème retenu pour 3464 : Ville
88693 [SwingWorker-pool-1-thread-1] DEBUG com.extia.webscraper.scraper.ViadeoScraper  - found 1372 results.
88694 [SwingWorker-pool-1-thread-1] DEBUG com.extia.webscraper.scraper.ViadeoScraper  - divFacetList : 5
88696 [SwingWorker-pool-1-thread-1] DEBUG com.extia.webscraper.scraper.ViadeoScraper  - Thème retenu pour 1372 : null
90840 [SwingWorker-pool-1-thread-1] DEBUG com.extia.webscraper.scraper.ViadeoScraper  - found 304 results.
92992 [SwingWorker-pool-1-thread-1] DEBUG com.extia.webscraper.scraper.ViadeoScraper  - found 195 results.
94637 [SwingWorker-pool-1-thread-1] DEBUG com.extia.webscraper.scraper.ViadeoScraper  - found 97 results.
96831 [SwingWorker-pool-1-thread-1] DEBUG com.extia.webscraper.scraper.ViadeoScraper  - found 82 results.
98536 [SwingWorker-pool-1-thread-1] DEBUG com.extia.webscraper.scraper.ViadeoScraper  - found 79 results.
101920 [SwingWorker-pool-1-thread-1] DEBUG com.extia.webscraper.scraper.ViadeoScraper  - found 200 results.
105516 [SwingWorker-pool-1-thread-1] DEBUG com.extia.webscraper.scraper.ViadeoScraper  - found 1941 results.
105517 [SwingWorker-pool-1-thread-1] DEBUG com.extia.webscraper.scraper.ViadeoScraper  - divFacetList : 6
105520 [SwingWorker-pool-1-thread-1] DEBUG com.extia.webscraper.scraper.ViadeoScraper  - Thème retenu pour 1941 : Ville
107721 [SwingWorker-pool-1-thread-1] DEBUG com.extia.webscraper.scraper.ViadeoScraper  - found 794 results.
109900 [SwingWorker-pool-1-thread-1] DEBUG com.extia.webscraper.scraper.ViadeoScraper  - found 302 results.
111666 [SwingWorker-pool-1-thread-1] DEBUG com.extia.webscraper.scraper.ViadeoScraper  - found 171 results.
113313 [SwingWorker-pool-1-thread-1] DEBUG com.extia.webscraper.scraper.ViadeoScraper  - found 44 results.
115394 [SwingWorker-pool-1-thread-1] DEBUG com.extia.webscraper.scraper.ViadeoScraper  - found 34 results.
119301 [SwingWorker-pool-1-thread-1] DEBUG com.extia.webscraper.scraper.ViadeoScraper  - found 32 results.
121361 [SwingWorker-pool-1-thread-1] DEBUG com.extia.webscraper.scraper.ViadeoScraper  - found 18 results.
123038 [SwingWorker-pool-1-thread-1] DEBUG com.extia.webscraper.scraper.ViadeoScraper  - found 1770 results.
123038 [SwingWorker-pool-1-thread-1] DEBUG com.extia.webscraper.scraper.ViadeoScraper  - divFacetList : 6
123041 [SwingWorker-pool-1-thread-1] DEBUG com.extia.webscraper.scraper.ViadeoScraper  - Thème retenu pour 1770 : null
126337 [SwingWorker-pool-1-thread-1] DEBUG com.extia.webscraper.scraper.ViadeoScraper  - found 1761 results.
126338 [SwingWorker-pool-1-thread-1] DEBUG com.extia.webscraper.scraper.ViadeoScraper  - divFacetList : 6
126341 [SwingWorker-pool-1-thread-1] DEBUG com.extia.webscraper.scraper.ViadeoScraper  - Thème retenu pour 1761 : Ville
128398 [SwingWorker-pool-1-thread-1] DEBUG com.extia.webscraper.scraper.ViadeoScraper  - found 768 results.
130465 [SwingWorker-pool-1-thread-1] DEBUG com.extia.webscraper.scraper.ViadeoScraper  - found 82 results.
134340 [SwingWorker-pool-1-thread-1] DEBUG com.extia.webscraper.scraper.ViadeoScraper  - found 53 results.
136882 [SwingWorker-pool-1-thread-1] DEBUG com.extia.webscraper.scraper.ViadeoScraper  - found 39 results.
138712 [SwingWorker-pool-1-thread-1] DEBUG com.extia.webscraper.scraper.ViadeoScraper  - found 54 results.
143232 [SwingWorker-pool-1-thread-1] DEBUG com.extia.webscraper.scraper.ViadeoScraper  - found 33 results.
145810 [SwingWorker-pool-1-thread-1] DEBUG com.extia.webscraper.scraper.ViadeoScraper  - found 29 results.
147663 [SwingWorker-pool-1-thread-1] DEBUG com.extia.webscraper.scraper.ViadeoScraper  - found 1689 results.
147665 [SwingWorker-pool-1-thread-1] DEBUG com.extia.webscraper.scraper.ViadeoScraper  - divFacetList : 6
147666 [SwingWorker-pool-1-thread-1] DEBUG com.extia.webscraper.scraper.ViadeoScraper  - Thème retenu pour 1689 : Ville
152278 [SwingWorker-pool-1-thread-1] DEBUG com.extia.webscraper.scraper.ViadeoScraper  - found 570 results.
154659 [SwingWorker-pool-1-thread-1] DEBUG com.extia.webscraper.scraper.ViadeoScraper  - found 150 results.
156332 [SwingWorker-pool-1-thread-1] DEBUG com.extia.webscraper.scraper.ViadeoScraper  - found 127 results.
158295 [SwingWorker-pool-1-thread-1] DEBUG com.extia.webscraper.scraper.ViadeoScraper  - found 104 results.
161819 [SwingWorker-pool-1-thread-1] DEBUG com.extia.webscraper.scraper.ViadeoScraper  - found 36 results.
163725 [SwingWorker-pool-1-thread-1] DEBUG com.extia.webscraper.scraper.ViadeoScraper  - found 79 results.
168087 [SwingWorker-pool-1-thread-1] DEBUG com.extia.webscraper.scraper.ViadeoScraper  - found 14 results.
170055 [SwingWorker-pool-1-thread-1] DEBUG com.extia.webscraper.scraper.ViadeoScraper  - 8508 results out of 41255 will be retrieved For keywords : 'Credit Agricole'
170077 [SwingWorker-pool-1-thread-1] INFO  com.extia.webscraper.scraper.ViadeoScraper  - searching urls for keywords 'Le Credit Lyonnais'
171694 [SwingWorker-pool-1-thread-1] DEBUG com.extia.webscraper.scraper.ViadeoScraper  - found 2063 results.
171695 [SwingWorker-pool-1-thread-1] DEBUG com.extia.webscraper.scraper.ViadeoScraper  - divFacetList : 7
171699 [SwingWorker-pool-1-thread-1] DEBUG com.extia.webscraper.scraper.ViadeoScraper  - Thème retenu pour 2063 : Région
173795 [SwingWorker-pool-1-thread-1] DEBUG com.extia.webscraper.scraper.ViadeoScraper  - found 1091 results.
173795 [SwingWorker-pool-1-thread-1] DEBUG com.extia.webscraper.scraper.ViadeoScraper  - divFacetList : 6
173800 [SwingWorker-pool-1-thread-1] DEBUG com.extia.webscraper.scraper.ViadeoScraper  - Thème retenu pour 1091 : null
175331 [SwingWorker-pool-1-thread-1] DEBUG com.extia.webscraper.scraper.ViadeoScraper  - found 168 results.
176842 [SwingWorker-pool-1-thread-1] DEBUG com.extia.webscraper.scraper.ViadeoScraper  - found 111 results.
180938 [SwingWorker-pool-1-thread-1] DEBUG com.extia.webscraper.scraper.ViadeoScraper  - found 63 results.
183016 [SwingWorker-pool-1-thread-1] DEBUG com.extia.webscraper.scraper.ViadeoScraper  - found 61 results.
185422 [SwingWorker-pool-1-thread-1] DEBUG com.extia.webscraper.scraper.ViadeoScraper  - found 61 results.
187613 [SwingWorker-pool-1-thread-1] DEBUG com.extia.webscraper.scraper.ViadeoScraper  - found 58 results.
189771 [SwingWorker-pool-1-thread-1] DEBUG com.extia.webscraper.scraper.ViadeoScraper  - 1522 results out of 2062 will be retrieved For keywords : 'Le Credit Lyonnais'
189792 [SwingWorker-pool-1-thread-1] INFO  com.extia.webscraper.scraper.ViadeoScraper  - searching urls for keywords 'Societe Cooperative Groupements d'Achats des Centres Leclerc'
191415 [SwingWorker-pool-1-thread-1] DEBUG com.extia.webscraper.scraper.ViadeoScraper  - found 0 results.
192872 [SwingWorker-pool-1-thread-1] DEBUG com.extia.webscraper.scraper.ViadeoScraper  - 0 results out of 0 will be retrieved For keywords : 'Societe Cooperative Groupements d'Achats des Centres Leclerc'
192888 [SwingWorker-pool-1-thread-1] INFO  com.extia.webscraper.scraper.ViadeoScraper  - searching urls for keywords 'Normalu'
194755 [SwingWorker-pool-1-thread-1] DEBUG com.extia.webscraper.scraper.ViadeoScraper  - found 38 results.
196558 [SwingWorker-pool-1-thread-1] DEBUG com.extia.webscraper.scraper.ViadeoScraper  - 38 results out of 38 will be retrieved For keywords : 'Normalu'
196589 [SwingWorker-pool-1-thread-1] INFO  com.extia.webscraper.scraper.ViadeoScraper  - searching urls for keywords 'Rautaruukki'
198256 [SwingWorker-pool-1-thread-1] DEBUG com.extia.webscraper.scraper.ViadeoScraper  - found 7 results.
199878 [SwingWorker-pool-1-thread-1] DEBUG com.extia.webscraper.scraper.ViadeoScraper  - 7 results out of 7 will be retrieved For keywords : 'Rautaruukki'
199914 [SwingWorker-pool-1-thread-1] INFO  com.extia.webscraper.scraper.ViadeoScraper  - searching urls for keywords 'Ion Beam Applications SA'
201488 [SwingWorker-pool-1-thread-1] DEBUG com.extia.webscraper.scraper.ViadeoScraper  - found 29 results.
203374 [SwingWorker-pool-1-thread-1] DEBUG com.extia.webscraper.scraper.ViadeoScraper  - 29 results out of 29 will be retrieved For keywords : 'Ion Beam Applications SA'
203400 [SwingWorker-pool-1-thread-1] INFO  com.extia.webscraper.scraper.ViadeoScraper  - searching urls for keywords 'Compagnie Laitiere Europeenne (CLE)'
204822 [SwingWorker-pool-1-thread-1] DEBUG com.extia.webscraper.scraper.ViadeoScraper  - found 0 results.
206258 [SwingWorker-pool-1-thread-1] DEBUG com.extia.webscraper.scraper.ViadeoScraper  - 0 results out of 0 will be retrieved For keywords : 'Compagnie Laitiere Europeenne (CLE)'
206284 [SwingWorker-pool-1-thread-1] INFO  com.extia.webscraper.scraper.ViadeoScraper  - searching urls for keywords 'Dammann Freres'
208391 [SwingWorker-pool-1-thread-1] DEBUG com.extia.webscraper.scraper.ViadeoScraper  - found 33 results.
211849 [SwingWorker-pool-1-thread-1] DEBUG com.extia.webscraper.scraper.ViadeoScraper  - 33 results out of 33 will be retrieved For keywords : 'Dammann Freres'
211870 [SwingWorker-pool-1-thread-1] INFO  com.extia.webscraper.scraper.ViadeoScraper  - searching urls for keywords 'Hutchinson'
214509 [SwingWorker-pool-1-thread-1] DEBUG com.extia.webscraper.scraper.ViadeoScraper  - found 2623 results.
214509 [SwingWorker-pool-1-thread-1] DEBUG com.extia.webscraper.scraper.ViadeoScraper  - divFacetList : 7
214514 [SwingWorker-pool-1-thread-1] DEBUG com.extia.webscraper.scraper.ViadeoScraper  - Thème retenu pour 2623 : Région
216045 [SwingWorker-pool-1-thread-1] DEBUG com.extia.webscraper.scraper.ViadeoScraper  - found 728 results.
217648 [SwingWorker-pool-1-thread-1] DEBUG com.extia.webscraper.scraper.ViadeoScraper  - found 415 results.
221214 [SwingWorker-pool-1-thread-1] DEBUG com.extia.webscraper.scraper.ViadeoScraper  - found 198 results.
223622 [SwingWorker-pool-1-thread-1] DEBUG com.extia.webscraper.scraper.ViadeoScraper  - found 170 results.
225958 [SwingWorker-pool-1-thread-1] DEBUG com.extia.webscraper.scraper.ViadeoScraper  - found 77 results.
227741 [SwingWorker-pool-1-thread-1] DEBUG com.extia.webscraper.scraper.ViadeoScraper  - found 73 results.
229671 [SwingWorker-pool-1-thread-1] DEBUG com.extia.webscraper.scraper.ViadeoScraper  - 1661 results out of 2623 will be retrieved For keywords : 'Hutchinson'
229692 [SwingWorker-pool-1-thread-1] INFO  com.extia.webscraper.scraper.ViadeoScraper  - searching urls for keywords 'Socotex'
231886 [SwingWorker-pool-1-thread-1] DEBUG com.extia.webscraper.scraper.ViadeoScraper  - found 22 results.
233781 [SwingWorker-pool-1-thread-1] DEBUG com.extia.webscraper.scraper.ViadeoScraper  - 22 results out of 22 will be retrieved For keywords : 'Socotex'
233812 [SwingWorker-pool-1-thread-1] INFO  com.extia.webscraper.scraper.ViadeoScraper  - searching urls for keywords 'Armand Thiery'
235744 [SwingWorker-pool-1-thread-1] DEBUG com.extia.webscraper.scraper.ViadeoScraper  - found 910 results.
237347 [SwingWorker-pool-1-thread-1] DEBUG com.extia.webscraper.scraper.ViadeoScraper  - 910 results out of 910 will be retrieved For keywords : 'Armand Thiery'
237363 [SwingWorker-pool-1-thread-1] INFO  com.extia.webscraper.scraper.ViadeoScraper  - searching urls for keywords 'Treves'
240848 [SwingWorker-pool-1-thread-1] DEBUG com.extia.webscraper.scraper.ViadeoScraper  - found 1245 results.
240848 [SwingWorker-pool-1-thread-1] DEBUG com.extia.webscraper.scraper.ViadeoScraper  - divFacetList : 7
240853 [SwingWorker-pool-1-thread-1] DEBUG com.extia.webscraper.scraper.ViadeoScraper  - Thème retenu pour 1245 : null
242961 [SwingWorker-pool-1-thread-1] DEBUG com.extia.webscraper.scraper.ViadeoScraper  - 1000 results out of 1245 will be retrieved For keywords : 'Treves'
243002 [SwingWorker-pool-1-thread-1] INFO  com.extia.webscraper.scraper.ViadeoScraper  - searching urls for keywords 'Wagon Sas'
244539 [SwingWorker-pool-1-thread-1] DEBUG com.extia.webscraper.scraper.ViadeoScraper  - found 3 results.
246260 [SwingWorker-pool-1-thread-1] DEBUG com.extia.webscraper.scraper.ViadeoScraper  - 3 results out of 3 will be retrieved For keywords : 'Wagon Sas'
246286 [SwingWorker-pool-1-thread-1] INFO  com.extia.webscraper.scraper.ViadeoScraper  - searching urls for keywords 'Promiles'
248103 [SwingWorker-pool-1-thread-1] DEBUG com.extia.webscraper.scraper.ViadeoScraper  - found 12 results.
249649 [SwingWorker-pool-1-thread-1] DEBUG com.extia.webscraper.scraper.ViadeoScraper  - 12 results out of 12 will be retrieved For keywords : 'Promiles'
249668 [SwingWorker-pool-1-thread-1] INFO  com.extia.webscraper.scraper.ViadeoScraper  - searching urls for keywords 'Wagram Music'
251268 [SwingWorker-pool-1-thread-1] DEBUG com.extia.webscraper.scraper.ViadeoScraper  - found 190 results.
252976 [SwingWorker-pool-1-thread-1] DEBUG com.extia.webscraper.scraper.ViadeoScraper  - 190 results out of 190 will be retrieved For keywords : 'Wagram Music'
252987 [SwingWorker-pool-1-thread-1] INFO  com.extia.webscraper.scraper.ViadeoScraper  - searching urls for keywords 'Bessis'
255297 [SwingWorker-pool-1-thread-1] DEBUG com.extia.webscraper.scraper.ViadeoScraper  - found 115 results.
258138 [SwingWorker-pool-1-thread-1] DEBUG com.extia.webscraper.scraper.ViadeoScraper  - 115 results out of 115 will be retrieved For keywords : 'Bessis'
258154 [SwingWorker-pool-1-thread-1] INFO  com.extia.webscraper.scraper.ViadeoScraper  - searching urls for keywords 'ZIZALA Lichtsysteme GmbH'
259551 [SwingWorker-pool-1-thread-1] DEBUG com.extia.webscraper.scraper.ViadeoScraper  - found 0 results.
264837 [SwingWorker-pool-1-thread-1] DEBUG com.extia.webscraper.scraper.ViadeoScraper  - 0 results out of 0 will be retrieved For keywords : 'ZIZALA Lichtsysteme GmbH'
264847 [SwingWorker-pool-1-thread-1] INFO  com.extia.webscraper.scraper.ViadeoScraper  - searching urls for keywords 'Paramita Electronics'
266687 [SwingWorker-pool-1-thread-1] DEBUG com.extia.webscraper.scraper.ViadeoScraper  - found 0 results.
268108 [SwingWorker-pool-1-thread-1] DEBUG com.extia.webscraper.scraper.ViadeoScraper  - 0 results out of 0 will be retrieved For keywords : 'Paramita Electronics'
268119 [SwingWorker-pool-1-thread-1] INFO  com.extia.webscraper.scraper.ViadeoScraper  - searching urls for keywords 'Swisslog Italia S.p.a.'
269599 [SwingWorker-pool-1-thread-1] DEBUG com.extia.webscraper.scraper.ViadeoScraper  - found 1 results.
271060 [SwingWorker-pool-1-thread-1] DEBUG com.extia.webscraper.scraper.ViadeoScraper  - 1 results out of 1 will be retrieved For keywords : 'Swisslog Italia S.p.a.'
271071 [SwingWorker-pool-1-thread-1] INFO  com.extia.webscraper.scraper.ViadeoScraper  - searching urls for keywords 'Deep Visuals Limited'
273058 [SwingWorker-pool-1-thread-1] DEBUG com.extia.webscraper.scraper.ViadeoScraper  - found 0 results.
274464 [SwingWorker-pool-1-thread-1] DEBUG com.extia.webscraper.scraper.ViadeoScraper  - 0 results out of 0 will be retrieved For keywords : 'Deep Visuals Limited'
274480 [SwingWorker-pool-1-thread-1] INFO  com.extia.webscraper.scraper.ViadeoScraper  - searching urls for keywords 'Linguamatics'
276112 [SwingWorker-pool-1-thread-1] DEBUG com.extia.webscraper.scraper.ViadeoScraper  - found 0 results.
277768 [SwingWorker-pool-1-thread-1] DEBUG com.extia.webscraper.scraper.ViadeoScraper  - 0 results out of 0 will be retrieved For keywords : 'Linguamatics'
277784 [SwingWorker-pool-1-thread-1] INFO  com.extia.webscraper.scraper.ViadeoScraper  - searching urls for keywords 'CSM Bakery'
279369 [SwingWorker-pool-1-thread-1] DEBUG com.extia.webscraper.scraper.ViadeoScraper  - found 5 results.
280920 [SwingWorker-pool-1-thread-1] DEBUG com.extia.webscraper.scraper.ViadeoScraper  - 5 results out of 5 will be retrieved For keywords : 'CSM Bakery'
280936 [SwingWorker-pool-1-thread-1] INFO  com.extia.webscraper.scraper.ViadeoScraper  - searching urls for keywords 'Inserm Transfert'
282848 [SwingWorker-pool-1-thread-1] DEBUG com.extia.webscraper.scraper.ViadeoScraper  - found 86 results.
284794 [SwingWorker-pool-1-thread-1] DEBUG com.extia.webscraper.scraper.ViadeoScraper  - 86 results out of 86 will be retrieved For keywords : 'Inserm Transfert'
284804 [SwingWorker-pool-1-thread-1] INFO  com.extia.webscraper.scraper.ViadeoScraper  - searching urls for keywords 'Otor'
286645 [SwingWorker-pool-1-thread-1] DEBUG com.extia.webscraper.scraper.ViadeoScraper  - found 264 results.
288425 [SwingWorker-pool-1-thread-1] DEBUG com.extia.webscraper.scraper.ViadeoScraper  - 264 results out of 264 will be retrieved For keywords : 'Otor'
288430 [SwingWorker-pool-1-thread-1] INFO  com.extia.webscraper.scraper.ViadeoScraper  - searching urls for keywords 'Vitol'
290123 [SwingWorker-pool-1-thread-1] DEBUG com.extia.webscraper.scraper.ViadeoScraper  - found 30 results.
291904 [SwingWorker-pool-1-thread-1] DEBUG com.extia.webscraper.scraper.ViadeoScraper  - 30 results out of 30 will be retrieved For keywords : 'Vitol'
291909 [SwingWorker-pool-1-thread-1] INFO  com.extia.webscraper.scraper.ViadeoScraper  - searching urls for keywords 'Vion'
294663 [SwingWorker-pool-1-thread-1] DEBUG com.extia.webscraper.scraper.ViadeoScraper  - found 471 results.
296569 [SwingWorker-pool-1-thread-1] DEBUG com.extia.webscraper.scraper.ViadeoScraper  - 471 results out of 471 will be retrieved For keywords : 'Vion'
296579 [SwingWorker-pool-1-thread-1] INFO  com.extia.webscraper.scraper.ViadeoScraper  - searching urls for keywords 'Barilla'
300282 [SwingWorker-pool-1-thread-1] DEBUG com.extia.webscraper.scraper.ViadeoScraper  - found 1018 results.
300282 [SwingWorker-pool-1-thread-1] DEBUG com.extia.webscraper.scraper.ViadeoScraper  - divFacetList : 7
300287 [SwingWorker-pool-1-thread-1] DEBUG com.extia.webscraper.scraper.ViadeoScraper  - Thème retenu pour 1018 : null
302108 [SwingWorker-pool-1-thread-1] DEBUG com.extia.webscraper.scraper.ViadeoScraper  - 1000 results out of 1018 will be retrieved For keywords : 'Barilla'
302119 [SwingWorker-pool-1-thread-1] INFO  com.extia.webscraper.scraper.ViadeoScraper  - searching urls for keywords 'Melexis'
303869 [SwingWorker-pool-1-thread-1] DEBUG com.extia.webscraper.scraper.ViadeoScraper  - found 52 results.
305530 [SwingWorker-pool-1-thread-1] DEBUG com.extia.webscraper.scraper.ViadeoScraper  - 52 results out of 52 will be retrieved For keywords : 'Melexis'
305546 [SwingWorker-pool-1-thread-1] INFO  com.extia.webscraper.scraper.ViadeoScraper  - searching urls for keywords 'Assicurazioni Generali'
307433 [SwingWorker-pool-1-thread-1] DEBUG com.extia.webscraper.scraper.ViadeoScraper  - found 343 results.
309079 [SwingWorker-pool-1-thread-1] DEBUG com.extia.webscraper.scraper.ViadeoScraper  - 343 results out of 343 will be retrieved For keywords : 'Assicurazioni Generali'
309084 [SwingWorker-pool-1-thread-1] INFO  com.extia.webscraper.scraper.ViadeoScraper  - searching urls for keywords 'PZ Cussons'
310897 [SwingWorker-pool-1-thread-1] DEBUG com.extia.webscraper.scraper.ViadeoScraper  - found 33 results.
312580 [SwingWorker-pool-1-thread-1] DEBUG com.extia.webscraper.scraper.ViadeoScraper  - 33 results out of 33 will be retrieved For keywords : 'PZ Cussons'
312591 [SwingWorker-pool-1-thread-1] INFO  com.extia.webscraper.scraper.ViadeoScraper  - searching urls for keywords 'E2v Semiconductors'
314298 [SwingWorker-pool-1-thread-1] DEBUG com.extia.webscraper.scraper.ViadeoScraper  - found 86 results.
315864 [SwingWorker-pool-1-thread-1] DEBUG com.extia.webscraper.scraper.ViadeoScraper  - 86 results out of 86 will be retrieved For keywords : 'E2v Semiconductors'
315875 [SwingWorker-pool-1-thread-1] INFO  com.extia.webscraper.scraper.ViadeoScraper  - searching urls for keywords 'Kyphon Sarl'
317397 [SwingWorker-pool-1-thread-1] DEBUG com.extia.webscraper.scraper.ViadeoScraper  - found 1 results.
318923 [SwingWorker-pool-1-thread-1] DEBUG com.extia.webscraper.scraper.ViadeoScraper  - 1 results out of 1 will be retrieved For keywords : 'Kyphon Sarl'
318934 [SwingWorker-pool-1-thread-1] INFO  com.extia.webscraper.scraper.ViadeoScraper  - searching urls for keywords 'Textilma Ag'
320361 [SwingWorker-pool-1-thread-1] DEBUG com.extia.webscraper.scraper.ViadeoScraper  - found 0 results.
321797 [SwingWorker-pool-1-thread-1] DEBUG com.extia.webscraper.scraper.ViadeoScraper  - 0 results out of 0 will be retrieved For keywords : 'Textilma Ag'
321818 [SwingWorker-pool-1-thread-1] INFO  com.extia.webscraper.scraper.ViadeoScraper  - searching urls for keywords 'Ecole Polytechnique Federale De Lausanne (Epfl)'
323438 [SwingWorker-pool-1-thread-1] DEBUG com.extia.webscraper.scraper.ViadeoScraper  - found 968 results.
325376 [SwingWorker-pool-1-thread-1] DEBUG com.extia.webscraper.scraper.ViadeoScraper  - 968 results out of 968 will be retrieved For keywords : 'Ecole Polytechnique Federale De Lausanne (Epfl)'
325386 [SwingWorker-pool-1-thread-1] INFO  com.extia.webscraper.scraper.ViadeoScraper  - searching urls for keywords 'SICPA Holding SA'
326907 [SwingWorker-pool-1-thread-1] DEBUG com.extia.webscraper.scraper.ViadeoScraper  - found 2 results.
328453 [SwingWorker-pool-1-thread-1] DEBUG com.extia.webscraper.scraper.ViadeoScraper  - 2 results out of 2 will be retrieved For keywords : 'SICPA Holding SA'
328463 [SwingWorker-pool-1-thread-1] INFO  com.extia.webscraper.scraper.ViadeoScraper  - searching urls for keywords 'Sacmi Imola'
330370 [SwingWorker-pool-1-thread-1] DEBUG com.extia.webscraper.scraper.ViadeoScraper  - found 12 results.
332096 [SwingWorker-pool-1-thread-1] DEBUG com.extia.webscraper.scraper.ViadeoScraper  - 12 results out of 12 will be retrieved For keywords : 'Sacmi Imola'
332107 [SwingWorker-pool-1-thread-1] INFO  com.extia.webscraper.scraper.ViadeoScraper  - searching urls for keywords 'Glencore'
333861 [SwingWorker-pool-1-thread-1] DEBUG com.extia.webscraper.scraper.ViadeoScraper  - found 87 results.
335782 [SwingWorker-pool-1-thread-1] DEBUG com.extia.webscraper.scraper.ViadeoScraper  - 87 results out of 87 will be retrieved For keywords : 'Glencore'
335798 [SwingWorker-pool-1-thread-1] INFO  com.extia.webscraper.scraper.ViadeoScraper  - searching urls for keywords 'Groupe Limagrain Holding'
337630 [SwingWorker-pool-1-thread-1] DEBUG com.extia.webscraper.scraper.ViadeoScraper  - found 18 results.
339276 [SwingWorker-pool-1-thread-1] DEBUG com.extia.webscraper.scraper.ViadeoScraper  - 18 results out of 18 will be retrieved For keywords : 'Groupe Limagrain Holding'
339287 [SwingWorker-pool-1-thread-1] INFO  com.extia.webscraper.scraper.ViadeoScraper  - searching urls for keywords 'Ammonia Casale SA'
340907 [SwingWorker-pool-1-thread-1] DEBUG com.extia.webscraper.scraper.ViadeoScraper  - found 1 results.
342568 [SwingWorker-pool-1-thread-1] DEBUG com.extia.webscraper.scraper.ViadeoScraper  - 1 results out of 1 will be retrieved For keywords : 'Ammonia Casale SA'
342578 [SwingWorker-pool-1-thread-1] INFO  com.extia.webscraper.scraper.ViadeoScraper  - searching urls for keywords 'Zurich Financial Services'
344600 [SwingWorker-pool-1-thread-1] DEBUG com.extia.webscraper.scraper.ViadeoScraper  - found 142 results.
346313 [SwingWorker-pool-1-thread-1] DEBUG com.extia.webscraper.scraper.ViadeoScraper  - 142 results out of 142 will be retrieved For keywords : 'Zurich Financial Services'
346324 [SwingWorker-pool-1-thread-1] INFO  com.extia.webscraper.scraper.ViadeoScraper  - searching urls for keywords 'CNP Assurances SA'
348464 [SwingWorker-pool-1-thread-1] DEBUG com.extia.webscraper.scraper.ViadeoScraper  - found 1491 results.
348464 [SwingWorker-pool-1-thread-1] DEBUG com.extia.webscraper.scraper.ViadeoScraper  - divFacetList : 7
348464 [SwingWorker-pool-1-thread-1] DEBUG com.extia.webscraper.scraper.ViadeoScraper  - Thème retenu pour 1491 : Région
350092 [SwingWorker-pool-1-thread-1] DEBUG com.extia.webscraper.scraper.ViadeoScraper  - found 1103 results.
350092 [SwingWorker-pool-1-thread-1] DEBUG com.extia.webscraper.scraper.ViadeoScraper  - divFacetList : 6
350092 [SwingWorker-pool-1-thread-1] DEBUG com.extia.webscraper.scraper.ViadeoScraper  - Thème retenu pour 1103 : null
351711 [SwingWorker-pool-1-thread-1] DEBUG com.extia.webscraper.scraper.ViadeoScraper  - found 85 results.
353352 [SwingWorker-pool-1-thread-1] DEBUG com.extia.webscraper.scraper.ViadeoScraper  - found 37 results.
355060 [SwingWorker-pool-1-thread-1] DEBUG com.extia.webscraper.scraper.ViadeoScraper  - found 24 results.
356716 [SwingWorker-pool-1-thread-1] DEBUG com.extia.webscraper.scraper.ViadeoScraper  - found 23 results.
358549 [SwingWorker-pool-1-thread-1] DEBUG com.extia.webscraper.scraper.ViadeoScraper  - found 19 results.
360169 [SwingWorker-pool-1-thread-1] DEBUG com.extia.webscraper.scraper.ViadeoScraper  - 1188 results out of 1491 will be retrieved For keywords : 'CNP Assurances SA'
360176 [SwingWorker-pool-1-thread-1] INFO  com.extia.webscraper.scraper.ViadeoScraper  - searching urls for keywords 'Repsol YPF'
361970 [SwingWorker-pool-1-thread-1] DEBUG com.extia.webscraper.scraper.ViadeoScraper  - found 190 results.
363694 [SwingWorker-pool-1-thread-1] DEBUG com.extia.webscraper.scraper.ViadeoScraper  - 190 results out of 190 will be retrieved For keywords : 'Repsol YPF'
363710 [SwingWorker-pool-1-thread-1] INFO  com.extia.webscraper.scraper.ViadeoScraper  - searching urls for keywords 'VINCI'
365320 [SwingWorker-pool-1-thread-1] DEBUG com.extia.webscraper.scraper.ViadeoScraper  - found 27953 results.
365325 [SwingWorker-pool-1-thread-1] DEBUG com.extia.webscraper.scraper.ViadeoScraper  - divFacetList : 7
365331 [SwingWorker-pool-1-thread-1] DEBUG com.extia.webscraper.scraper.ViadeoScraper  - Thème retenu pour 27953 : Région
366872 [SwingWorker-pool-1-thread-1] DEBUG com.extia.webscraper.scraper.ViadeoScraper  - found 13698 results.
366872 [SwingWorker-pool-1-thread-1] DEBUG com.extia.webscraper.scraper.ViadeoScraper  - divFacetList : 6
366872 [SwingWorker-pool-1-thread-1] DEBUG com.extia.webscraper.scraper.ViadeoScraper  - Thème retenu pour 13698 : Ville
368362 [SwingWorker-pool-1-thread-1] DEBUG com.extia.webscraper.scraper.ViadeoScraper  - found 5978 results.
368362 [SwingWorker-pool-1-thread-1] DEBUG com.extia.webscraper.scraper.ViadeoScraper  - divFacetList : 5
368362 [SwingWorker-pool-1-thread-1] DEBUG com.extia.webscraper.scraper.ViadeoScraper  - Thème retenu pour 5978 : null
369817 [SwingWorker-pool-1-thread-1] DEBUG com.extia.webscraper.scraper.ViadeoScraper  - found 371 results.
371378 [SwingWorker-pool-1-thread-1] DEBUG com.extia.webscraper.scraper.ViadeoScraper  - found 338 results.
372889 [SwingWorker-pool-1-thread-1] DEBUG com.extia.webscraper.scraper.ViadeoScraper  - found 161 results.
374365 [SwingWorker-pool-1-thread-1] DEBUG com.extia.webscraper.scraper.ViadeoScraper  - found 249 results.
375861 [SwingWorker-pool-1-thread-1] DEBUG com.extia.webscraper.scraper.ViadeoScraper  - found 338 results.
378181 [SwingWorker-pool-1-thread-1] DEBUG com.extia.webscraper.scraper.ViadeoScraper  - found 131 results.
379822 [SwingWorker-pool-1-thread-1] DEBUG com.extia.webscraper.scraper.ViadeoScraper  - found 2150 results.
379822 [SwingWorker-pool-1-thread-1] DEBUG com.extia.webscraper.scraper.ViadeoScraper  - divFacetList : 6
379822 [SwingWorker-pool-1-thread-1] DEBUG com.extia.webscraper.scraper.ViadeoScraper  - Thème retenu pour 2150 : Ville
381373 [SwingWorker-pool-1-thread-1] DEBUG com.extia.webscraper.scraper.ViadeoScraper  - found 919 results.
383159 [SwingWorker-pool-1-thread-1] DEBUG com.extia.webscraper.scraper.ViadeoScraper  - found 135 results.
384704 [SwingWorker-pool-1-thread-1] DEBUG com.extia.webscraper.scraper.ViadeoScraper  - found 74 results.
386195 [SwingWorker-pool-1-thread-1] DEBUG com.extia.webscraper.scraper.ViadeoScraper  - found 45 results.
387766 [SwingWorker-pool-1-thread-1] DEBUG com.extia.webscraper.scraper.ViadeoScraper  - found 38 results.
389292 [SwingWorker-pool-1-thread-1] DEBUG com.extia.webscraper.scraper.ViadeoScraper  - found 36 results.
390885 [SwingWorker-pool-1-thread-1] DEBUG com.extia.webscraper.scraper.ViadeoScraper  - found 32 results.
392331 [SwingWorker-pool-1-thread-1] DEBUG com.extia.webscraper.scraper.ViadeoScraper  - found 1315 results.
392331 [SwingWorker-pool-1-thread-1] DEBUG com.extia.webscraper.scraper.ViadeoScraper  - divFacetList : 6
392331 [SwingWorker-pool-1-thread-1] DEBUG com.extia.webscraper.scraper.ViadeoScraper  - Thème retenu pour 1315 : null
394007 [SwingWorker-pool-1-thread-1] DEBUG com.extia.webscraper.scraper.ViadeoScraper  - found 988 results.
395508 [SwingWorker-pool-1-thread-1] DEBUG com.extia.webscraper.scraper.ViadeoScraper  - found 883 results.
397019 [SwingWorker-pool-1-thread-1] DEBUG com.extia.webscraper.scraper.ViadeoScraper  - found 700 results.
398690 [SwingWorker-pool-1-thread-1] DEBUG com.extia.webscraper.scraper.ViadeoScraper  - 7438 results out of 27953 will be retrieved For keywords : 'VINCI'
398706 [SwingWorker-pool-1-thread-1] INFO  com.extia.webscraper.scraper.ViadeoScraper  - searching urls for keywords 'UniCredit'
400185 [SwingWorker-pool-1-thread-1] DEBUG com.extia.webscraper.scraper.ViadeoScraper  - found 875 results.
402051 [SwingWorker-pool-1-thread-1] DEBUG com.extia.webscraper.scraper.ViadeoScraper  - 875 results out of 875 will be retrieved For keywords : 'UniCredit'
402092 [SwingWorker-pool-1-thread-1] INFO  com.extia.webscraper.scraper.ViadeoScraper  - searching urls for keywords 'Aegon'
403569 [SwingWorker-pool-1-thread-1] DEBUG com.extia.webscraper.scraper.ViadeoScraper  - found 266 results.
405015 [SwingWorker-pool-1-thread-1] DEBUG com.extia.webscraper.scraper.ViadeoScraper  - 266 results out of 266 will be retrieved For keywords : 'Aegon'
405020 [SwingWorker-pool-1-thread-1] INFO  com.extia.webscraper.scraper.ViadeoScraper  - searching urls for keywords 'Parrot S.A.'
406576 [SwingWorker-pool-1-thread-1] DEBUG com.extia.webscraper.scraper.ViadeoScraper  - found 25 results.
408096 [SwingWorker-pool-1-thread-1] DEBUG com.extia.webscraper.scraper.ViadeoScraper  - 25 results out of 25 will be retrieved For keywords : 'Parrot S.A.'
408136 [SwingWorker-pool-1-thread-1] INFO  com.extia.webscraper.scraper.ViadeoScraper  - searching urls for keywords 'Banco Bilbao Vizcaya Argentaria'
409743 [SwingWorker-pool-1-thread-1] DEBUG com.extia.webscraper.scraper.ViadeoScraper  - found 35 results.
